<?xml version="1.0" encoding="UTF-8"?>
<testng-results ignored="0" total="1" passed="1" failed="0" skipped="0">
  <reporter-output>
  </reporter-output>
  <suite started-at="2021-08-20T04:51:41Z" name="My suite" finished-at="2021-08-20T04:53:56Z" duration-ms="134337">
    <groups>
    </groups>
    <test started-at="2021-08-20T04:51:41Z" name="Test1" finished-at="2021-08-20T04:53:56Z" duration-ms="134337">
      <class name="com.tests.ShoppingCart">
        <test-method is-config="true" signature="ShoppingCart()[pri:0, instance:com.tests.ShoppingCart@313b2ea6]" started-at="2021-08-20T04:51:41Z" name="ShoppingCart" finished-at="2021-08-20T04:53:00Z" duration-ms="78239" status="PASS">
          <reporter-output>
          </reporter-output>
        </test-method> <!-- ShoppingCart -->
        <test-method signature="ShoppingCartCheckTabs()[pri:1, instance:com.tests.ShoppingCart@313b2ea6]" started-at="2021-08-20T04:53:00Z" name="ShoppingCartCheckTabs" finished-at="2021-08-20T04:53:56Z" duration-ms="56064" status="PASS">
          <reporter-output>
          </reporter-output>
        </test-method> <!-- ShoppingCartCheckTabs -->
      </class> <!-- com.tests.ShoppingCart -->
    </test> <!-- Test1 -->
  </suite> <!-- My suite -->
</testng-results>
