<?xml version="1.0" encoding="UTF-8"?>
<testng-results ignored="0" total="1" passed="1" failed="0" skipped="0">
  <reporter-output>
  </reporter-output>
  <suite started-at="2021-08-19T13:15:20 IST" name="Default suite" finished-at="2021-08-19T13:17:33 IST" duration-ms="132726">
    <groups>
    </groups>
    <test started-at="2021-08-19T13:15:20 IST" name="Default test" finished-at="2021-08-19T13:17:33 IST" duration-ms="132726">
      <class name="com.tests.ShoppingCart">
        <test-method is-config="true" signature="ShoppingCart()[pri:0, instance:com.tests.ShoppingCart@a530d0a]" started-at="2021-08-19T13:15:20 IST" name="ShoppingCart" finished-at="2021-08-19T13:16:35 IST" duration-ms="74847" status="PASS">
          <reporter-output>
          </reporter-output>
        </test-method> <!-- ShoppingCart -->
        <test-method signature="ShoppingCartCheckTabs()[pri:1, instance:com.tests.ShoppingCart@a530d0a]" started-at="2021-08-19T13:16:35 IST" name="ShoppingCartCheckTabs" finished-at="2021-08-19T13:17:33 IST" duration-ms="57838" status="PASS">
          <reporter-output>
          </reporter-output>
        </test-method> <!-- ShoppingCartCheckTabs -->
      </class> <!-- com.tests.ShoppingCart -->
    </test> <!-- Default test -->
  </suite> <!-- Default suite -->
</testng-results>
